{"/Users/sudhanshubhardwaj/Desktop/Library/Backend/src/graphql/resolvers/author.resolver.ts": {"path":"/Users/sudhanshubhardwaj/Desktop/Library/Backend/src/graphql/resolvers/author.resolver.ts","statementMap":{"0":{"start":{"line":1,"column":0},"end":{"line":1,"column":40}},"1":{"start":{"line":2,"column":0},"end":{"line":2,"column":56}},"2":{"start":{"line":3,"column":0},"end":{"line":3,"column":44}},"3":{"start":{"line":4,"column":0},"end":{"line":4,"column":63}},"4":{"start":{"line":8,"column":13},"end":{"line":135,"column":null}},"5":{"start":{"line":11,"column":84},"end":{"line":30,"column":null}},"6":{"start":{"line":12,"column":12},"end":{"line":29,"column":13}},"7":{"start":{"line":13,"column":16},"end":{"line":13,"column":54}},"8":{"start":{"line":14,"column":35},"end":{"line":18,"column":null}},"9":{"start":{"line":20,"column":16},"end":{"line":23,"column":17}},"10":{"start":{"line":21,"column":20},"end":{"line":21,"column":61}},"11":{"start":{"line":22,"column":20},"end":{"line":22,"column":71}},"12":{"start":{"line":24,"column":16},"end":{"line":24,"column":66}},"13":{"start":{"line":25,"column":16},"end":{"line":25,"column":34}},"14":{"start":{"line":27,"column":16},"end":{"line":27,"column":69}},"15":{"start":{"line":28,"column":16},"end":{"line":28,"column":70}},"16":{"start":{"line":32,"column":64},"end":{"line":50,"column":null}},"17":{"start":{"line":33,"column":12},"end":{"line":49,"column":13}},"18":{"start":{"line":34,"column":16},"end":{"line":34,"column":56}},"19":{"start":{"line":36,"column":31},"end":{"line":36,"column":61}},"20":{"start":{"line":38,"column":16},"end":{"line":41,"column":17}},"21":{"start":{"line":39,"column":20},"end":{"line":39,"column":54}},"22":{"start":{"line":40,"column":20},"end":{"line":40,"column":66}},"23":{"start":{"line":43,"column":16},"end":{"line":43,"column":58}},"24":{"start":{"line":44,"column":16},"end":{"line":44,"column":30}},"25":{"start":{"line":47,"column":16},"end":{"line":47,"column":74}},"26":{"start":{"line":48,"column":16},"end":{"line":48,"column":78}},"27":{"start":{"line":53,"column":116},"end":{"line":79,"column":null}},"28":{"start":{"line":54,"column":12},"end":{"line":78,"column":13}},"29":{"start":{"line":55,"column":16},"end":{"line":55,"column":52}},"30":{"start":{"line":56,"column":30},"end":{"line":63,"column":18}},"31":{"start":{"line":65,"column":31},"end":{"line":69,"column":null}},"32":{"start":{"line":72,"column":16},"end":{"line":72,"column":61}},"33":{"start":{"line":73,"column":16},"end":{"line":73,"column":30}},"34":{"start":{"line":76,"column":16},"end":{"line":76,"column":73}},"35":{"start":{"line":77,"column":16},"end":{"line":77,"column":77}},"36":{"start":{"line":85,"column":61},"end":{"line":97,"column":null}},"37":{"start":{"line":86,"column":12},"end":{"line":96,"column":13}},"38":{"start":{"line":87,"column":14},"end":{"line":87,"column":54}},"39":{"start":{"line":88,"column":14},"end":{"line":88,"column":58}},"40":{"start":{"line":89,"column":33},"end":{"line":89,"column":61}},"41":{"start":{"line":90,"column":14},"end":{"line":90,"column":38}},"42":{"start":{"line":91,"column":14},"end":{"line":91,"column":69}},"43":{"start":{"line":92,"column":14},"end":{"line":92,"column":32}},"44":{"start":{"line":94,"column":14},"end":{"line":94,"column":87}},"45":{"start":{"line":95,"column":14},"end":{"line":95,"column":71}},"46":{"start":{"line":99,"column":90},"end":{"line":117,"column":null}},"47":{"start":{"line":100,"column":12},"end":{"line":116,"column":13}},"48":{"start":{"line":101,"column":16},"end":{"line":101,"column":58}},"49":{"start":{"line":102,"column":36},"end":{"line":105,"column":null}},"50":{"start":{"line":107,"column":16},"end":{"line":110,"column":17}},"51":{"start":{"line":108,"column":20},"end":{"line":108,"column":67}},"52":{"start":{"line":109,"column":20},"end":{"line":109,"column":79}},"53":{"start":{"line":111,"column":16},"end":{"line":111,"column":73}},"54":{"start":{"line":112,"column":16},"end":{"line":112,"column":35}},"55":{"start":{"line":114,"column":16},"end":{"line":114,"column":99}},"56":{"start":{"line":115,"column":16},"end":{"line":115,"column":82}},"57":{"start":{"line":119,"column":59},"end":{"line":133,"column":null}},"58":{"start":{"line":120,"column":12},"end":{"line":132,"column":13}},"59":{"start":{"line":121,"column":16},"end":{"line":121,"column":56}},"60":{"start":{"line":122,"column":38},"end":{"line":122,"column":77}},"61":{"start":{"line":123,"column":16},"end":{"line":126,"column":17}},"62":{"start":{"line":124,"column":20},"end":{"line":124,"column":67}},"63":{"start":{"line":125,"column":20},"end":{"line":125,"column":87}},"64":{"start":{"line":127,"column":16},"end":{"line":127,"column":72}},"65":{"start":{"line":128,"column":16},"end":{"line":128,"column":37}},"66":{"start":{"line":130,"column":16},"end":{"line":130,"column":70}},"67":{"start":{"line":131,"column":16},"end":{"line":131,"column":79}}},"fnMap":{"0":{"name":"(anonymous_8)","decl":{"start":{"line":11,"column":22},"end":{"line":11,"column":29}},"loc":{"start":{"line":11,"column":84},"end":{"line":30,"column":null}}},"1":{"name":"(anonymous_9)","decl":{"start":{"line":11,"column":84},"end":{"line":11,"column":null}},"loc":{"start":{"line":11,"column":80},"end":{"line":30,"column":9}}},"2":{"name":"(anonymous_10)","decl":{"start":{"line":32,"column":23},"end":{"line":32,"column":30}},"loc":{"start":{"line":32,"column":64},"end":{"line":50,"column":null}}},"3":{"name":"(anonymous_11)","decl":{"start":{"line":32,"column":64},"end":{"line":32,"column":null}},"loc":{"start":{"line":32,"column":60},"end":{"line":50,"column":9}}},"4":{"name":"(anonymous_12)","decl":{"start":{"line":53,"column":22},"end":{"line":53,"column":29}},"loc":{"start":{"line":53,"column":116},"end":{"line":79,"column":null}}},"5":{"name":"(anonymous_13)","decl":{"start":{"line":53,"column":116},"end":{"line":53,"column":null}},"loc":{"start":{"line":53,"column":112},"end":{"line":79,"column":9}}},"6":{"name":"(anonymous_14)","decl":{"start":{"line":85,"column":22},"end":{"line":85,"column":29}},"loc":{"start":{"line":85,"column":61},"end":{"line":97,"column":null}}},"7":{"name":"(anonymous_15)","decl":{"start":{"line":85,"column":61},"end":{"line":85,"column":null}},"loc":{"start":{"line":85,"column":57},"end":{"line":97,"column":9}}},"8":{"name":"(anonymous_16)","decl":{"start":{"line":99,"column":22},"end":{"line":99,"column":29}},"loc":{"start":{"line":99,"column":90},"end":{"line":117,"column":null}}},"9":{"name":"(anonymous_17)","decl":{"start":{"line":99,"column":90},"end":{"line":99,"column":null}},"loc":{"start":{"line":99,"column":86},"end":{"line":117,"column":9}}},"10":{"name":"(anonymous_18)","decl":{"start":{"line":119,"column":22},"end":{"line":119,"column":29}},"loc":{"start":{"line":119,"column":59},"end":{"line":133,"column":null}}},"11":{"name":"(anonymous_19)","decl":{"start":{"line":119,"column":59},"end":{"line":119,"column":null}},"loc":{"start":{"line":119,"column":55},"end":{"line":133,"column":9}}}},"branchMap":{"0":{"loc":{"start":{"line":20,"column":16},"end":{"line":23,"column":17}},"type":"if","locations":[{"start":{"line":20,"column":16},"end":{"line":23,"column":17}}]},"1":{"loc":{"start":{"line":38,"column":16},"end":{"line":41,"column":17}},"type":"if","locations":[{"start":{"line":38,"column":16},"end":{"line":41,"column":17}}]},"2":{"loc":{"start":{"line":107,"column":16},"end":{"line":110,"column":17}},"type":"if","locations":[{"start":{"line":107,"column":16},"end":{"line":110,"column":17}}]},"3":{"loc":{"start":{"line":123,"column":16},"end":{"line":126,"column":17}},"type":"if","locations":[{"start":{"line":123,"column":16},"end":{"line":126,"column":17}}]}},"s":{"0":1,"1":1,"2":1,"3":1,"4":1,"5":1,"6":1,"7":1,"8":1,"9":1,"10":0,"11":0,"12":1,"13":1,"14":0,"15":0,"16":1,"17":1,"18":1,"19":1,"20":1,"21":0,"22":0,"23":1,"24":1,"25":0,"26":0,"27":1,"28":1,"29":1,"30":1,"31":1,"32":1,"33":1,"34":0,"35":0,"36":1,"37":1,"38":1,"39":1,"40":1,"41":1,"42":1,"43":1,"44":0,"45":0,"46":0,"47":0,"48":0,"49":0,"50":0,"51":0,"52":0,"53":0,"54":0,"55":0,"56":0,"57":0,"58":0,"59":0,"60":0,"61":0,"62":0,"63":0,"64":0,"65":0,"66":0,"67":0},"f":{"0":1,"1":1,"2":1,"3":1,"4":1,"5":1,"6":1,"7":1,"8":0,"9":0,"10":0,"11":0},"b":{"0":[0],"1":[0],"2":[0],"3":[0]}}
,"/Users/sudhanshubhardwaj/Desktop/Library/Backend/src/graphql/resolvers/book.resolver.ts": {"path":"/Users/sudhanshubhardwaj/Desktop/Library/Backend/src/graphql/resolvers/book.resolver.ts","statementMap":{"0":{"start":{"line":1,"column":0},"end":{"line":1,"column":52}},"1":{"start":{"line":2,"column":0},"end":{"line":2,"column":40}},"2":{"start":{"line":3,"column":0},"end":{"line":3,"column":43}},"3":{"start":{"line":4,"column":0},"end":{"line":4,"column":63}},"4":{"start":{"line":6,"column":13},"end":{"line":143,"column":null}},"5":{"start":{"line":8,"column":83},"end":{"line":23,"column":null}},"6":{"start":{"line":9,"column":12},"end":{"line":22,"column":13}},"7":{"start":{"line":10,"column":16},"end":{"line":10,"column":47}},"8":{"start":{"line":11,"column":30},"end":{"line":15,"column":null}},"9":{"start":{"line":17,"column":16},"end":{"line":17,"column":71}},"10":{"start":{"line":18,"column":16},"end":{"line":18,"column":29}},"11":{"start":{"line":20,"column":16},"end":{"line":20,"column":77}},"12":{"start":{"line":21,"column":16},"end":{"line":21,"column":66}},"13":{"start":{"line":25,"column":60},"end":{"line":39,"column":null}},"14":{"start":{"line":26,"column":12},"end":{"line":38,"column":13}},"15":{"start":{"line":27,"column":16},"end":{"line":27,"column":54}},"16":{"start":{"line":28,"column":29},"end":{"line":28,"column":57}},"17":{"start":{"line":29,"column":16},"end":{"line":32,"column":17}},"18":{"start":{"line":30,"column":20},"end":{"line":30,"column":58}},"19":{"start":{"line":31,"column":20},"end":{"line":31,"column":70}},"20":{"start":{"line":33,"column":16},"end":{"line":33,"column":60}},"21":{"start":{"line":34,"column":16},"end":{"line":34,"column":28}},"22":{"start":{"line":36,"column":16},"end":{"line":36,"column":64}},"23":{"start":{"line":37,"column":16},"end":{"line":37,"column":67}},"24":{"start":{"line":41,"column":112},"end":{"line":61,"column":null}},"25":{"start":{"line":42,"column":12},"end":{"line":60,"column":13}},"26":{"start":{"line":43,"column":16},"end":{"line":43,"column":58}},"27":{"start":{"line":44,"column":36},"end":{"line":44,"column":38}},"28":{"start":{"line":45,"column":16},"end":{"line":49,"column":17}},"29":{"start":{"line":46,"column":20},"end":{"line":48,"column":null}},"30":{"start":{"line":47,"column":24},"end":{"line":47,"column":null}},"31":{"start":{"line":50,"column":43},"end":{"line":54,"column":null}},"32":{"start":{"line":56,"column":16},"end":{"line":56,"column":42}},"33":{"start":{"line":58,"column":16},"end":{"line":58,"column":77}},"34":{"start":{"line":59,"column":16},"end":{"line":59,"column":86}},"35":{"start":{"line":63,"column":121},"end":{"line":84,"column":null}},"36":{"start":{"line":64,"column":12},"end":{"line":83,"column":13}},"37":{"start":{"line":65,"column":30},"end":{"line":71,"column":20}},"38":{"start":{"line":72,"column":31},"end":{"line":76,"column":null}},"39":{"start":{"line":78,"column":16},"end":{"line":78,"column":30}},"40":{"start":{"line":81,"column":16},"end":{"line":81,"column":64}},"41":{"start":{"line":82,"column":16},"end":{"line":82,"column":73}},"42":{"start":{"line":88,"column":57},"end":{"line":102,"column":null}},"43":{"start":{"line":89,"column":12},"end":{"line":101,"column":13}},"44":{"start":{"line":90,"column":16},"end":{"line":90,"column":49}},"45":{"start":{"line":91,"column":29},"end":{"line":91,"column":53}},"46":{"start":{"line":92,"column":16},"end":{"line":94,"column":17}},"47":{"start":{"line":93,"column":20},"end":{"line":93,"column":68}},"48":{"start":{"line":95,"column":16},"end":{"line":95,"column":66}},"49":{"start":{"line":96,"column":16},"end":{"line":96,"column":34}},"50":{"start":{"line":97,"column":16},"end":{"line":97,"column":28}},"51":{"start":{"line":99,"column":16},"end":{"line":99,"column":62}},"52":{"start":{"line":100,"column":16},"end":{"line":100,"column":68}},"53":{"start":{"line":104,"column":84},"end":{"line":125,"column":null}},"54":{"start":{"line":105,"column":12},"end":{"line":124,"column":13}},"55":{"start":{"line":106,"column":16},"end":{"line":106,"column":47}},"56":{"start":{"line":107,"column":36},"end":{"line":110,"column":null}},"57":{"start":{"line":113,"column":16},"end":{"line":116,"column":17}},"58":{"start":{"line":114,"column":20},"end":{"line":114,"column":52}},"59":{"start":{"line":115,"column":20},"end":{"line":115,"column":63}},"60":{"start":{"line":118,"column":16},"end":{"line":118,"column":58}},"61":{"start":{"line":119,"column":16},"end":{"line":119,"column":35}},"62":{"start":{"line":122,"column":16},"end":{"line":122,"column":76}},"63":{"start":{"line":123,"column":16},"end":{"line":123,"column":80}},"64":{"start":{"line":127,"column":63},"end":{"line":141,"column":null}},"65":{"start":{"line":128,"column":12},"end":{"line":140,"column":13}},"66":{"start":{"line":129,"column":16},"end":{"line":129,"column":57}},"67":{"start":{"line":130,"column":36},"end":{"line":130,"column":73}},"68":{"start":{"line":131,"column":16},"end":{"line":134,"column":17}},"69":{"start":{"line":132,"column":20},"end":{"line":132,"column":54}},"70":{"start":{"line":133,"column":20},"end":{"line":133,"column":69}},"71":{"start":{"line":135,"column":16},"end":{"line":135,"column":59}},"72":{"start":{"line":136,"column":16},"end":{"line":136,"column":35}},"73":{"start":{"line":138,"column":16},"end":{"line":138,"column":81}},"74":{"start":{"line":139,"column":16},"end":{"line":139,"column":85}}},"fnMap":{"0":{"name":"(anonymous_8)","decl":{"start":{"line":8,"column":21},"end":{"line":8,"column":28}},"loc":{"start":{"line":8,"column":83},"end":{"line":23,"column":null}}},"1":{"name":"(anonymous_9)","decl":{"start":{"line":8,"column":83},"end":{"line":8,"column":null}},"loc":{"start":{"line":8,"column":79},"end":{"line":23,"column":9}}},"2":{"name":"(anonymous_10)","decl":{"start":{"line":25,"column":21},"end":{"line":25,"column":28}},"loc":{"start":{"line":25,"column":60},"end":{"line":39,"column":null}}},"3":{"name":"(anonymous_11)","decl":{"start":{"line":25,"column":60},"end":{"line":25,"column":null}},"loc":{"start":{"line":25,"column":56},"end":{"line":39,"column":9}}},"4":{"name":"(anonymous_12)","decl":{"start":{"line":41,"column":26},"end":{"line":41,"column":33}},"loc":{"start":{"line":41,"column":112},"end":{"line":61,"column":null}}},"5":{"name":"(anonymous_13)","decl":{"start":{"line":41,"column":112},"end":{"line":41,"column":null}},"loc":{"start":{"line":41,"column":108},"end":{"line":61,"column":9}}},"6":{"name":"(anonymous_14)","decl":{"start":{"line":46,"column":48},"end":{"line":46,"column":49}},"loc":{"start":{"line":46,"column":56},"end":{"line":48,"column":21}}},"7":{"name":"(anonymous_15)","decl":{"start":{"line":63,"column":32},"end":{"line":63,"column":39}},"loc":{"start":{"line":63,"column":121},"end":{"line":84,"column":null}}},"8":{"name":"(anonymous_16)","decl":{"start":{"line":63,"column":121},"end":{"line":63,"column":null}},"loc":{"start":{"line":63,"column":117},"end":{"line":84,"column":9}}},"9":{"name":"(anonymous_17)","decl":{"start":{"line":88,"column":20},"end":{"line":88,"column":27}},"loc":{"start":{"line":88,"column":57},"end":{"line":102,"column":null}}},"10":{"name":"(anonymous_18)","decl":{"start":{"line":88,"column":57},"end":{"line":88,"column":null}},"loc":{"start":{"line":88,"column":53},"end":{"line":102,"column":9}}},"11":{"name":"(anonymous_19)","decl":{"start":{"line":104,"column":24},"end":{"line":104,"column":31}},"loc":{"start":{"line":104,"column":84},"end":{"line":125,"column":null}}},"12":{"name":"(anonymous_20)","decl":{"start":{"line":104,"column":84},"end":{"line":104,"column":null}},"loc":{"start":{"line":104,"column":80},"end":{"line":125,"column":9}}},"13":{"name":"(anonymous_21)","decl":{"start":{"line":127,"column":24},"end":{"line":127,"column":31}},"loc":{"start":{"line":127,"column":63},"end":{"line":141,"column":null}}},"14":{"name":"(anonymous_22)","decl":{"start":{"line":127,"column":63},"end":{"line":127,"column":null}},"loc":{"start":{"line":127,"column":59},"end":{"line":141,"column":9}}}},"branchMap":{"0":{"loc":{"start":{"line":29,"column":16},"end":{"line":32,"column":17}},"type":"if","locations":[{"start":{"line":29,"column":16},"end":{"line":32,"column":17}}]},"1":{"loc":{"start":{"line":45,"column":16},"end":{"line":49,"column":17}},"type":"if","locations":[{"start":{"line":45,"column":16},"end":{"line":49,"column":17}}]},"2":{"loc":{"start":{"line":92,"column":16},"end":{"line":94,"column":17}},"type":"if","locations":[{"start":{"line":92,"column":16},"end":{"line":94,"column":17}}]},"3":{"loc":{"start":{"line":113,"column":16},"end":{"line":116,"column":17}},"type":"if","locations":[{"start":{"line":113,"column":16},"end":{"line":116,"column":17}}]},"4":{"loc":{"start":{"line":131,"column":16},"end":{"line":134,"column":17}},"type":"if","locations":[{"start":{"line":131,"column":16},"end":{"line":134,"column":17}}]}},"s":{"0":1,"1":1,"2":1,"3":1,"4":1,"5":2,"6":2,"7":2,"8":2,"9":1,"10":1,"11":1,"12":1,"13":2,"14":2,"15":2,"16":2,"17":1,"18":0,"19":0,"20":1,"21":1,"22":1,"23":1,"24":3,"25":3,"26":3,"27":3,"28":3,"29":3,"30":2,"31":3,"32":2,"33":1,"34":1,"35":2,"36":2,"37":2,"38":2,"39":1,"40":1,"41":1,"42":2,"43":2,"44":2,"45":2,"46":2,"47":0,"48":2,"49":2,"50":1,"51":1,"52":1,"53":2,"54":2,"55":2,"56":2,"57":1,"58":0,"59":0,"60":1,"61":1,"62":1,"63":1,"64":2,"65":2,"66":2,"67":2,"68":1,"69":0,"70":0,"71":1,"72":1,"73":1,"74":1},"f":{"0":2,"1":2,"2":2,"3":2,"4":3,"5":3,"6":2,"7":2,"8":2,"9":2,"10":2,"11":2,"12":2,"13":2,"14":2},"b":{"0":[0],"1":[3],"2":[0],"3":[0],"4":[0]}}
,"/Users/sudhanshubhardwaj/Desktop/Library/Backend/src/graphql/resolvers/user.resolver.ts": {"path":"/Users/sudhanshubhardwaj/Desktop/Library/Backend/src/graphql/resolvers/user.resolver.ts","statementMap":{"0":{"start":{"line":1,"column":0},"end":{"line":1,"column":52}},"1":{"start":{"line":2,"column":0},"end":{"line":2,"column":40}},"2":{"start":{"line":3,"column":0},"end":{"line":3,"column":44}},"3":{"start":{"line":4,"column":0},"end":{"line":4,"column":63}},"4":{"start":{"line":7,"column":13},"end":{"line":95,"column":null}},"5":{"start":{"line":9,"column":88},"end":{"line":24,"column":null}},"6":{"start":{"line":10,"column":12},"end":{"line":23,"column":13}},"7":{"start":{"line":11,"column":16},"end":{"line":11,"column":52}},"8":{"start":{"line":12,"column":30},"end":{"line":16,"column":null}},"9":{"start":{"line":18,"column":16},"end":{"line":18,"column":51}},"10":{"start":{"line":19,"column":16},"end":{"line":19,"column":29}},"11":{"start":{"line":21,"column":16},"end":{"line":21,"column":65}},"12":{"start":{"line":22,"column":16},"end":{"line":22,"column":64}},"13":{"start":{"line":26,"column":62},"end":{"line":40,"column":null}},"14":{"start":{"line":27,"column":12},"end":{"line":39,"column":13}},"15":{"start":{"line":28,"column":16},"end":{"line":28,"column":53}},"16":{"start":{"line":29,"column":29},"end":{"line":29,"column":57}},"17":{"start":{"line":30,"column":16},"end":{"line":33,"column":17}},"18":{"start":{"line":31,"column":20},"end":{"line":31,"column":53}},"19":{"start":{"line":32,"column":20},"end":{"line":32,"column":61}},"20":{"start":{"line":34,"column":16},"end":{"line":34,"column":56}},"21":{"start":{"line":35,"column":16},"end":{"line":35,"column":28}},"22":{"start":{"line":37,"column":16},"end":{"line":37,"column":65}},"23":{"start":{"line":38,"column":15},"end":{"line":38,"column":62}},"24":{"start":{"line":45,"column":60},"end":{"line":56,"column":null}},"25":{"start":{"line":46,"column":12},"end":{"line":55,"column":13}},"26":{"start":{"line":47,"column":16},"end":{"line":47,"column":52}},"27":{"start":{"line":48,"column":32},"end":{"line":48,"column":56}},"28":{"start":{"line":49,"column":16},"end":{"line":49,"column":37}},"29":{"start":{"line":50,"column":16},"end":{"line":50,"column":74}},"30":{"start":{"line":51,"column":16},"end":{"line":51,"column":31}},"31":{"start":{"line":53,"column":16},"end":{"line":53,"column":67}},"32":{"start":{"line":54,"column":16},"end":{"line":54,"column":64}},"33":{"start":{"line":58,"column":88},"end":{"line":76,"column":null}},"34":{"start":{"line":59,"column":12},"end":{"line":75,"column":13}},"35":{"start":{"line":60,"column":16},"end":{"line":60,"column":50}},"36":{"start":{"line":61,"column":36},"end":{"line":64,"column":null}},"37":{"start":{"line":66,"column":16},"end":{"line":69,"column":17}},"38":{"start":{"line":67,"column":20},"end":{"line":67,"column":79}},"39":{"start":{"line":68,"column":20},"end":{"line":68,"column":61}},"40":{"start":{"line":70,"column":16},"end":{"line":70,"column":64}},"41":{"start":{"line":71,"column":16},"end":{"line":71,"column":35}},"42":{"start":{"line":73,"column":16},"end":{"line":73,"column":59}},"43":{"start":{"line":74,"column":16},"end":{"line":74,"column":64}},"44":{"start":{"line":78,"column":50},"end":{"line":92,"column":null}},"45":{"start":{"line":79,"column":12},"end":{"line":91,"column":13}},"46":{"start":{"line":80,"column":16},"end":{"line":80,"column":50}},"47":{"start":{"line":81,"column":36},"end":{"line":81,"column":73}},"48":{"start":{"line":82,"column":16},"end":{"line":85,"column":17}},"49":{"start":{"line":83,"column":20},"end":{"line":83,"column":54}},"50":{"start":{"line":84,"column":20},"end":{"line":84,"column":61}},"51":{"start":{"line":86,"column":16},"end":{"line":86,"column":57}},"52":{"start":{"line":87,"column":16},"end":{"line":87,"column":35}},"53":{"start":{"line":89,"column":16},"end":{"line":89,"column":60}},"54":{"start":{"line":90,"column":16},"end":{"line":90,"column":64}}},"fnMap":{"0":{"name":"(anonymous_8)","decl":{"start":{"line":9,"column":21},"end":{"line":9,"column":28}},"loc":{"start":{"line":9,"column":88},"end":{"line":24,"column":null}}},"1":{"name":"(anonymous_9)","decl":{"start":{"line":9,"column":88},"end":{"line":9,"column":null}},"loc":{"start":{"line":9,"column":84},"end":{"line":24,"column":9}}},"2":{"name":"(anonymous_10)","decl":{"start":{"line":26,"column":21},"end":{"line":26,"column":28}},"loc":{"start":{"line":26,"column":62},"end":{"line":40,"column":null}}},"3":{"name":"(anonymous_11)","decl":{"start":{"line":26,"column":62},"end":{"line":26,"column":null}},"loc":{"start":{"line":26,"column":58},"end":{"line":40,"column":9}}},"4":{"name":"(anonymous_12)","decl":{"start":{"line":45,"column":23},"end":{"line":45,"column":30}},"loc":{"start":{"line":45,"column":60},"end":{"line":56,"column":null}}},"5":{"name":"(anonymous_13)","decl":{"start":{"line":45,"column":60},"end":{"line":45,"column":null}},"loc":{"start":{"line":45,"column":56},"end":{"line":56,"column":9}}},"6":{"name":"(anonymous_14)","decl":{"start":{"line":58,"column":20},"end":{"line":58,"column":27}},"loc":{"start":{"line":58,"column":88},"end":{"line":76,"column":null}}},"7":{"name":"(anonymous_15)","decl":{"start":{"line":58,"column":88},"end":{"line":58,"column":null}},"loc":{"start":{"line":58,"column":84},"end":{"line":76,"column":9}}},"8":{"name":"(anonymous_16)","decl":{"start":{"line":78,"column":20},"end":{"line":78,"column":27}},"loc":{"start":{"line":78,"column":50},"end":{"line":92,"column":null}}},"9":{"name":"(anonymous_17)","decl":{"start":{"line":78,"column":50},"end":{"line":78,"column":null}},"loc":{"start":{"line":78,"column":46},"end":{"line":92,"column":9}}}},"branchMap":{"0":{"loc":{"start":{"line":30,"column":16},"end":{"line":33,"column":17}},"type":"if","locations":[{"start":{"line":30,"column":16},"end":{"line":33,"column":17}}]},"1":{"loc":{"start":{"line":66,"column":16},"end":{"line":69,"column":17}},"type":"if","locations":[{"start":{"line":66,"column":16},"end":{"line":69,"column":17}}]},"2":{"loc":{"start":{"line":82,"column":16},"end":{"line":85,"column":17}},"type":"if","locations":[{"start":{"line":82,"column":16},"end":{"line":85,"column":17}}]}},"s":{"0":1,"1":1,"2":1,"3":1,"4":1,"5":2,"6":2,"7":2,"8":2,"9":1,"10":1,"11":1,"12":1,"13":2,"14":2,"15":2,"16":2,"17":1,"18":0,"19":0,"20":1,"21":1,"22":1,"23":1,"24":2,"25":2,"26":2,"27":2,"28":2,"29":1,"30":1,"31":1,"32":1,"33":2,"34":2,"35":2,"36":2,"37":1,"38":0,"39":0,"40":1,"41":1,"42":1,"43":1,"44":2,"45":2,"46":2,"47":2,"48":1,"49":0,"50":0,"51":1,"52":1,"53":1,"54":1},"f":{"0":2,"1":2,"2":2,"3":2,"4":2,"5":2,"6":2,"7":2,"8":2,"9":2},"b":{"0":[0],"1":[0],"2":[0]}}
,"/Users/sudhanshubhardwaj/Desktop/Library/Backend/src/models/author.model.ts": {"path":"/Users/sudhanshubhardwaj/Desktop/Library/Backend/src/models/author.model.ts","statementMap":{"0":{"start":{"line":1,"column":0},"end":{"line":1,"column":60}},"1":{"start":{"line":4,"column":21},"end":{"line":38,"column":null}},"2":{"start":{"line":41,"column":13},"end":{"line":41,"column":92}}},"fnMap":{},"branchMap":{},"s":{"0":1,"1":1,"2":1},"f":{},"b":{}}
,"/Users/sudhanshubhardwaj/Desktop/Library/Backend/src/models/book.model.ts": {"path":"/Users/sudhanshubhardwaj/Desktop/Library/Backend/src/models/book.model.ts","statementMap":{"0":{"start":{"line":1,"column":0},"end":{"line":1,"column":61}},"1":{"start":{"line":4,"column":19},"end":{"line":62,"column":null}},"2":{"start":{"line":65,"column":13},"end":{"line":65,"column":84}}},"fnMap":{},"branchMap":{},"s":{"0":1,"1":1,"2":1},"f":{},"b":{}}
,"/Users/sudhanshubhardwaj/Desktop/Library/Backend/src/models/user.model.ts": {"path":"/Users/sudhanshubhardwaj/Desktop/Library/Backend/src/models/user.model.ts","statementMap":{"0":{"start":{"line":1,"column":0},"end":{"line":1,"column":61}},"1":{"start":{"line":3,"column":15},"end":{"line":3,"column":32}},"2":{"start":{"line":5,"column":19},"end":{"line":38,"column":null}},"3":{"start":{"line":41,"column":0},"end":{"line":47,"column":3}},"4":{"start":{"line":42,"column":4},"end":{"line":45,"column":5}},"5":{"start":{"line":43,"column":29},"end":{"line":43,"column":65}},"6":{"start":{"line":44,"column":6},"end":{"line":44,"column":37}},"7":{"start":{"line":46,"column":4},"end":{"line":46,"column":11}},"8":{"start":{"line":49,"column":0},"end":{"line":59,"column":3}},"9":{"start":{"line":50,"column":19},"end":{"line":50,"column":60}},"10":{"start":{"line":51,"column":4},"end":{"line":57,"column":5}},"11":{"start":{"line":52,"column":8},"end":{"line":56,"column":9}},"12":{"start":{"line":53,"column":35},"end":{"line":53,"column":73}},"13":{"start":{"line":54,"column":12},"end":{"line":54,"column":45}},"14":{"start":{"line":55,"column":12},"end":{"line":55,"column":35}},"15":{"start":{"line":58,"column":4},"end":{"line":58,"column":11}},"16":{"start":{"line":62,"column":13},"end":{"line":62,"column":84}}},"fnMap":{"0":{"name":"(anonymous_16)","decl":{"start":{"line":41,"column":23},"end":{"line":41,"column":39}},"loc":{"start":{"line":41,"column":43},"end":{"line":47,"column":2}}},"1":{"name":"(anonymous_18)","decl":{"start":{"line":49,"column":35},"end":{"line":49,"column":51}},"loc":{"start":{"line":49,"column":55},"end":{"line":59,"column":2}}}},"branchMap":{"0":{"loc":{"start":{"line":42,"column":4},"end":{"line":45,"column":5}},"type":"if","locations":[{"start":{"line":42,"column":4},"end":{"line":45,"column":5}}]},"1":{"loc":{"start":{"line":51,"column":4},"end":{"line":57,"column":5}},"type":"if","locations":[{"start":{"line":51,"column":4},"end":{"line":57,"column":5}}]},"2":{"loc":{"start":{"line":52,"column":8},"end":{"line":56,"column":9}},"type":"if","locations":[{"start":{"line":52,"column":8},"end":{"line":56,"column":9}}]}},"s":{"0":1,"1":1,"2":1,"3":1,"4":0,"5":0,"6":0,"7":0,"8":1,"9":0,"10":0,"11":0,"12":0,"13":0,"14":0,"15":0,"16":1},"f":{"0":0,"1":0},"b":{"0":[0],"1":[0],"2":[0]}}
,"/Users/sudhanshubhardwaj/Desktop/Library/Backend/src/utils/AppError.ts": {"path":"/Users/sudhanshubhardwaj/Desktop/Library/Backend/src/utils/AppError.ts","statementMap":{"0":{"start":{"line":4,"column":8},"end":{"line":4,"column":23}},"1":{"start":{"line":5,"column":8},"end":{"line":5,"column":37}},"2":{"start":{"line":6,"column":8},"end":{"line":6,"column":56}},"3":{"start":{"line":10,"column":0},"end":{"line":10,"column":24}}},"fnMap":{"0":{"name":"(anonymous_0)","decl":{"start":{"line":3,"column":4},"end":{"line":3,"column":16}},"loc":{"start":{"line":3,"column":50},"end":{"line":7,"column":5}}}},"branchMap":{},"s":{"0":12,"1":12,"2":12,"3":3},"f":{"0":12},"b":{}}
,"/Users/sudhanshubhardwaj/Desktop/Library/Backend/src/utils/pagination.ts": {"path":"/Users/sudhanshubhardwaj/Desktop/Library/Backend/src/utils/pagination.ts","statementMap":{"0":{"start":{"line":3,"column":37},"end":{"line":16,"column":2}},"1":{"start":{"line":8,"column":18},"end":{"line":16,"column":2}},"2":{"start":{"line":9,"column":15},"end":{"line":9,"column":33}},"3":{"start":{"line":11,"column":30},"end":{"line":14,"column":4}},"4":{"start":{"line":15,"column":2},"end":{"line":15,"column":14}},"5":{"start":{"line":3,"column":13},"end":{"line":3,"column":37}}},"fnMap":{"0":{"name":"(anonymous_7)","decl":{"start":{"line":3,"column":37},"end":{"line":3,"column":null}},"loc":{"start":{"line":8,"column":18},"end":{"line":16,"column":2}}},"1":{"name":"(anonymous_8)","decl":{"start":{"line":8,"column":18},"end":{"line":8,"column":null}},"loc":{"start":{"line":8,"column":18},"end":{"line":16,"column":1}}}},"branchMap":{},"s":{"0":3,"1":0,"2":0,"3":0,"4":0,"5":3},"f":{"0":0,"1":0},"b":{}}
}
