TN:
SF:src/graphql/resolvers/author.resolver.ts
FN:11,(anonymous_8)
FN:11,(anonymous_9)
FN:32,(anonymous_10)
FN:32,(anonymous_11)
FN:53,(anonymous_12)
FN:53,(anonymous_13)
FN:85,(anonymous_14)
FN:85,(anonymous_15)
FN:99,(anonymous_16)
FN:99,(anonymous_17)
FN:119,(anonymous_18)
FN:119,(anonymous_19)
FNF:12
FNH:8
FNDA:1,(anonymous_8)
FNDA:1,(anonymous_9)
FNDA:1,(anonymous_10)
FNDA:1,(anonymous_11)
FNDA:1,(anonymous_12)
FNDA:1,(anonymous_13)
FNDA:1,(anonymous_14)
FNDA:1,(anonymous_15)
FNDA:0,(anonymous_16)
FNDA:0,(anonymous_17)
FNDA:0,(anonymous_18)
FNDA:0,(anonymous_19)
DA:1,1
DA:2,1
DA:3,1
DA:4,1
DA:8,1
DA:11,1
DA:12,1
DA:13,1
DA:14,1
DA:20,1
DA:21,0
DA:22,0
DA:24,1
DA:25,1
DA:27,0
DA:28,0
DA:32,1
DA:33,1
DA:34,1
DA:36,1
DA:38,1
DA:39,0
DA:40,0
DA:43,1
DA:44,1
DA:47,0
DA:48,0
DA:53,1
DA:54,1
DA:55,1
DA:56,1
DA:65,1
DA:72,1
DA:73,1
DA:76,0
DA:77,0
DA:85,1
DA:86,1
DA:87,1
DA:88,1
DA:89,1
DA:90,1
DA:91,1
DA:92,1
DA:94,0
DA:95,0
DA:99,0
DA:100,0
DA:101,0
DA:102,0
DA:107,0
DA:108,0
DA:109,0
DA:111,0
DA:112,0
DA:114,0
DA:115,0
DA:119,0
DA:120,0
DA:121,0
DA:122,0
DA:123,0
DA:124,0
DA:125,0
DA:127,0
DA:128,0
DA:130,0
DA:131,0
LF:68
LH:34
BRDA:20,0,0,0
BRDA:38,1,0,0
BRDA:107,2,0,0
BRDA:123,3,0,0
BRF:4
BRH:0
end_of_record
TN:
SF:src/graphql/resolvers/book.resolver.ts
FN:8,(anonymous_8)
FN:8,(anonymous_9)
FN:25,(anonymous_10)
FN:25,(anonymous_11)
FN:41,(anonymous_12)
FN:41,(anonymous_13)
FN:46,(anonymous_14)
FN:63,(anonymous_15)
FN:63,(anonymous_16)
FN:88,(anonymous_17)
FN:88,(anonymous_18)
FN:104,(anonymous_19)
FN:104,(anonymous_20)
FN:127,(anonymous_21)
FN:127,(anonymous_22)
FNF:15
FNH:15
FNDA:2,(anonymous_8)
FNDA:2,(anonymous_9)
FNDA:2,(anonymous_10)
FNDA:2,(anonymous_11)
FNDA:3,(anonymous_12)
FNDA:3,(anonymous_13)
FNDA:2,(anonymous_14)
FNDA:2,(anonymous_15)
FNDA:2,(anonymous_16)
FNDA:2,(anonymous_17)
FNDA:2,(anonymous_18)
FNDA:2,(anonymous_19)
FNDA:2,(anonymous_20)
FNDA:2,(anonymous_21)
FNDA:2,(anonymous_22)
DA:1,1
DA:2,1
DA:3,1
DA:4,1
DA:6,1
DA:8,2
DA:9,2
DA:10,2
DA:11,2
DA:17,1
DA:18,1
DA:20,1
DA:21,1
DA:25,2
DA:26,2
DA:27,2
DA:28,2
DA:29,1
DA:30,0
DA:31,0
DA:33,1
DA:34,1
DA:36,1
DA:37,1
DA:41,3
DA:42,3
DA:43,3
DA:44,3
DA:45,3
DA:46,3
DA:47,2
DA:50,3
DA:56,2
DA:58,1
DA:59,1
DA:63,2
DA:64,2
DA:65,2
DA:72,2
DA:78,1
DA:81,1
DA:82,1
DA:88,2
DA:89,2
DA:90,2
DA:91,2
DA:92,2
DA:93,0
DA:95,2
DA:96,2
DA:97,1
DA:99,1
DA:100,1
DA:104,2
DA:105,2
DA:106,2
DA:107,2
DA:113,1
DA:114,0
DA:115,0
DA:118,1
DA:119,1
DA:122,1
DA:123,1
DA:127,2
DA:128,2
DA:129,2
DA:130,2
DA:131,1
DA:132,0
DA:133,0
DA:135,1
DA:136,1
DA:138,1
DA:139,1
LF:75
LH:68
BRDA:29,0,0,0
BRDA:45,1,0,3
BRDA:92,2,0,0
BRDA:113,3,0,0
BRDA:131,4,0,0
BRF:5
BRH:1
end_of_record
TN:
SF:src/graphql/resolvers/user.resolver.ts
FN:9,(anonymous_8)
FN:9,(anonymous_9)
FN:26,(anonymous_10)
FN:26,(anonymous_11)
FN:45,(anonymous_12)
FN:45,(anonymous_13)
FN:58,(anonymous_14)
FN:58,(anonymous_15)
FN:78,(anonymous_16)
FN:78,(anonymous_17)
FNF:10
FNH:10
FNDA:2,(anonymous_8)
FNDA:2,(anonymous_9)
FNDA:2,(anonymous_10)
FNDA:2,(anonymous_11)
FNDA:2,(anonymous_12)
FNDA:2,(anonymous_13)
FNDA:2,(anonymous_14)
FNDA:2,(anonymous_15)
FNDA:2,(anonymous_16)
FNDA:2,(anonymous_17)
DA:1,1
DA:2,1
DA:3,1
DA:4,1
DA:7,1
DA:9,2
DA:10,2
DA:11,2
DA:12,2
DA:18,1
DA:19,1
DA:21,1
DA:22,1
DA:26,2
DA:27,2
DA:28,2
DA:29,2
DA:30,1
DA:31,0
DA:32,0
DA:34,1
DA:35,1
DA:37,1
DA:38,1
DA:45,2
DA:46,2
DA:47,2
DA:48,2
DA:49,2
DA:50,1
DA:51,1
DA:53,1
DA:54,1
DA:58,2
DA:59,2
DA:60,2
DA:61,2
DA:66,1
DA:67,0
DA:68,0
DA:70,1
DA:71,1
DA:73,1
DA:74,1
DA:78,2
DA:79,2
DA:80,2
DA:81,2
DA:82,1
DA:83,0
DA:84,0
DA:86,1
DA:87,1
DA:89,1
DA:90,1
LF:55
LH:49
BRDA:30,0,0,0
BRDA:66,1,0,0
BRDA:82,2,0,0
BRF:3
BRH:0
end_of_record
TN:
SF:src/models/author.model.ts
FNF:0
FNH:0
DA:1,1
DA:4,1
DA:41,1
LF:3
LH:3
BRF:0
BRH:0
end_of_record
TN:
SF:src/models/book.model.ts
FNF:0
FNH:0
DA:1,1
DA:4,1
DA:65,1
LF:3
LH:3
BRF:0
BRH:0
end_of_record
TN:
SF:src/models/user.model.ts
FN:41,(anonymous_16)
FN:49,(anonymous_18)
FNF:2
FNH:0
FNDA:0,(anonymous_16)
FNDA:0,(anonymous_18)
DA:1,1
DA:3,1
DA:5,1
DA:41,1
DA:42,0
DA:43,0
DA:44,0
DA:46,0
DA:49,1
DA:50,0
DA:51,0
DA:52,0
DA:53,0
DA:54,0
DA:55,0
DA:58,0
DA:62,1
LF:17
LH:6
BRDA:42,0,0,0
BRDA:51,1,0,0
BRDA:52,2,0,0
BRF:3
BRH:0
end_of_record
TN:
SF:src/utils/AppError.ts
FN:3,(anonymous_0)
FNF:1
FNH:1
FNDA:12,(anonymous_0)
DA:4,12
DA:5,12
DA:6,12
DA:10,3
LF:4
LH:4
BRF:0
BRH:0
end_of_record
TN:
SF:src/utils/pagination.ts
FN:3,(anonymous_7)
FN:8,(anonymous_8)
FNF:2
FNH:0
FNDA:0,(anonymous_7)
FNDA:0,(anonymous_8)
DA:3,3
DA:8,0
DA:9,0
DA:11,0
DA:15,0
LF:5
LH:1
BRF:0
BRH:0
end_of_record
